[debug] [2024-09-20T18:22:39.934Z] ----------------------------------------------------------------------
[debug] [2024-09-20T18:22:39.938Z] Command:       C:\siare\siare-dev\dev-tools\node-v18.17.1-win-x64\node.exe C:\siare\siare-dev\dev-tools\node-v18.17.1-win-x64\node_modules\firebase-tools\lib\bin\firebase.js init
[debug] [2024-09-20T18:22:39.938Z] CLI Version:   13.18.0
[debug] [2024-09-20T18:22:39.939Z] Platform:      win32
[debug] [2024-09-20T18:22:39.939Z] Node Version:  v18.17.1
[debug] [2024-09-20T18:22:39.941Z] Time:          Fri Sep 20 2024 14:22:39 GMT-0400 (hora estándar de Paraguay)
[debug] [2024-09-20T18:22:39.942Z] ----------------------------------------------------------------------
[debug] 
[debug] [2024-09-20T18:22:39.949Z] >>> [apiv2][query] GET https://firebase-public.firebaseio.com/cli.json [none]
[debug] [2024-09-20T18:22:40.028Z] > command requires scopes: ["email","openid","https://www.googleapis.com/auth/cloudplatformprojects.readonly","https://www.googleapis.com/auth/firebase","https://www.googleapis.com/auth/cloud-platform"]
[debug] [2024-09-20T18:22:40.029Z] > authorizing via signed-in user (cesarrodrigoramirez@gmail.com)
[info] 
     ######## #### ########  ######## ########     ###     ######  ########
     ##        ##  ##     ## ##       ##     ##  ##   ##  ##       ##
     ######    ##  ########  ######   ########  #########  ######  ######
     ##        ##  ##    ##  ##       ##     ## ##     ##       ## ##
     ##       #### ##     ## ######## ########  ##     ##  ######  ########

You're about to initialize a Firebase project in this directory:

  C:\Users\mcesram\Documents\cursos\angular3d\angular_galeria3d_ecommerce

Before we get started, keep in mind:

  * You are currently outside your home directory

[debug] [2024-09-20T18:22:40.286Z] *** [apiv2] error from fetch(https://firebase-public.firebaseio.com/cli.json, {"headers":{},"method":"GET"}): FetchError: request to https://firebase-public.firebaseio.com/cli.json failed, reason: self-signed certificate in certificate chain
[warn] !  Unable to fetch the CLI MOTD and remote config. This is not a fatal error, but may indicate an issue with your network connection. 
[debug] [2024-09-20T18:22:40.287Z] Failed to fetch MOTD FirebaseError: Failed to make request to https://firebase-public.firebaseio.com/cli.json
[info] 
=== Project Setup
[info] 
[info] First, let's associate this project directory with a Firebase project.
[info] You can create multiple project aliases by running firebase use --add, 
[info] but for now we'll just set up a default project.
[info] 
[debug] [2024-09-20T18:23:00.162Z] >>> [apiv2][query] GET https://firebase.googleapis.com/v1beta1/projects pageSize=100
[debug] [2024-09-20T18:23:00.368Z] *** [apiv2] error from fetch(https://firebase.googleapis.com/v1beta1/projects?pageSize=100, {"headers":{},"method":"GET","signal":{}}): FetchError: request to https://firebase.googleapis.com/v1beta1/projects?pageSize=100 failed, reason: self-signed certificate in certificate chain
[debug] [2024-09-20T18:23:00.368Z] Failed to make request to https://firebase.googleapis.com/v1beta1/projects?pageSize=100
[debug] [2024-09-20T18:23:00.487Z] FirebaseError: Failed to make request to https://firebase.googleapis.com/v1beta1/projects?pageSize=100
    at RetryOperation._fn (C:\siare\siare-dev\dev-tools\node-v18.17.1-win-x64\node_modules\firebase-tools\lib\apiv2.js:259:31)
    at process.processTicksAndRejections (node:internal/process/task_queues:95:5)
[error] 
[error] Error: Failed to list Firebase projects. See firebase-debug.log for more info.
